<?xml version="1.0" encoding="UTF-8"?>
<!-- Generated by org.testng.reporters.JUnitXMLReporter -->
<testsuite ignored="0" hostname="DESKTOP-QQJDICL" failures="0" tests="5" name="Test" time="43.809" errors="0" timestamp="2024-03-22T16:25:45 IST">
  <testcase classname="testCases.TC_001_AccountRegistrationTest" name="Verify_Account_Registration" time="2.326"/>
  <testcase classname="testCases.TC_002_LoginTest" name="Verify_Login" time="1.595"/>
  <testcase classname="testCases.TC_004_SearchProductTest" name="verify_pruductSearch" time="0.571"/>
  <testcase classname="testCases.TC_005_AddToCartPageTest" name="verify_addToCart" time="1.443"/>
  <testcase classname="testCases.TC_006_EndToEndTest" name="endToendTest" time="21.758"/>
</testsuite> <!-- Test -->
