<?xml version="1.0" encoding="UTF-8"?>
<testng-results ignored="0" total="2" passed="2" failed="0" skipped="0">
  <reporter-output>
  </reporter-output>
  <suite started-at="2024-03-21T20:08:05 IST" name="Suite" finished-at="2024-03-21T20:08:16 IST" duration-ms="10699">
    <groups>
      <group name="regression">
        <method signature="TC_001_AccountRegistrationTest.Verify_Account_Registration()[pri:0, instance:testCases.TC_001_AccountRegistrationTest@4a94ee4]" name="Verify_Account_Registration" class="testCases.TC_001_AccountRegistrationTest"/>
      </group> <!-- regression -->
      <group name="sanity">
        <method signature="TC_002_LoginTest.Verify_Login()[pri:0, instance:testCases.TC_002_LoginTest@5876a9af]" name="Verify_Login" class="testCases.TC_002_LoginTest"/>
      </group> <!-- sanity -->
      <group name="master">
        <method signature="TC_001_AccountRegistrationTest.Verify_Account_Registration()[pri:0, instance:testCases.TC_001_AccountRegistrationTest@4a94ee4]" name="Verify_Account_Registration" class="testCases.TC_001_AccountRegistrationTest"/>
        <method signature="TC_002_LoginTest.Verify_Login()[pri:0, instance:testCases.TC_002_LoginTest@5876a9af]" name="Verify_Login" class="testCases.TC_002_LoginTest"/>
      </group> <!-- master -->
    </groups>
    <test started-at="2024-03-21T20:08:05 IST" name="Test" finished-at="2024-03-21T20:08:16 IST" duration-ms="10699">
      <class name="testCases.TC_001_AccountRegistrationTest">
        <test-method is-config="true" signature="Setup(java.lang.String,java.lang.String)[pri:0, instance:testCases.TC_001_AccountRegistrationTest@4a94ee4]" started-at="2024-03-21T20:08:05 IST" name="Setup" finished-at="2024-03-21T20:08:09 IST" duration-ms="3863" status="PASS">
          <params>
            <param index="0">
              <value>
                <![CDATA[Windows]]>
              </value>
            </param>
            <param index="1">
              <value>
                <![CDATA[chrome]]>
              </value>
            </param>
          </params>
          <reporter-output>
          </reporter-output>
        </test-method> <!-- Setup -->
        <test-method signature="Verify_Account_Registration()[pri:0, instance:testCases.TC_001_AccountRegistrationTest@4a94ee4]" started-at="2024-03-21T20:08:09 IST" name="Verify_Account_Registration" finished-at="2024-03-21T20:08:12 IST" duration-ms="2213" status="PASS">
          <reporter-output>
          </reporter-output>
        </test-method> <!-- Verify_Account_Registration -->
        <test-method is-config="true" signature="Teardown()[pri:0, instance:testCases.TC_001_AccountRegistrationTest@4a94ee4]" started-at="2024-03-21T20:08:12 IST" name="Teardown" finished-at="2024-03-21T20:08:12 IST" duration-ms="229" status="PASS">
          <reporter-output>
          </reporter-output>
        </test-method> <!-- Teardown -->
      </class> <!-- testCases.TC_001_AccountRegistrationTest -->
      <class name="testCases.TC_002_LoginTest">
        <test-method is-config="true" signature="Setup(java.lang.String,java.lang.String)[pri:0, instance:testCases.TC_002_LoginTest@5876a9af]" started-at="2024-03-21T20:08:12 IST" name="Setup" finished-at="2024-03-21T20:08:14 IST" duration-ms="2404" status="PASS">
          <params>
            <param index="0">
              <value>
                <![CDATA[Windows]]>
              </value>
            </param>
            <param index="1">
              <value>
                <![CDATA[chrome]]>
              </value>
            </param>
          </params>
          <reporter-output>
          </reporter-output>
        </test-method> <!-- Setup -->
        <test-method signature="Verify_Login()[pri:0, instance:testCases.TC_002_LoginTest@5876a9af]" started-at="2024-03-21T20:08:14 IST" name="Verify_Login" finished-at="2024-03-21T20:08:16 IST" duration-ms="1359" status="PASS">
          <reporter-output>
          </reporter-output>
        </test-method> <!-- Verify_Login -->
        <test-method is-config="true" signature="Teardown()[pri:0, instance:testCases.TC_002_LoginTest@5876a9af]" started-at="2024-03-21T20:08:16 IST" name="Teardown" finished-at="2024-03-21T20:08:16 IST" duration-ms="270" status="PASS">
          <reporter-output>
          </reporter-output>
        </test-method> <!-- Teardown -->
      </class> <!-- testCases.TC_002_LoginTest -->
    </test> <!-- Test -->
  </suite> <!-- Suite -->
</testng-results>
